Log file open, 08/12/18 19:43:56
LogWindows: Failed to load 'aqProf.dll' (GetLastError=126)
LogWindows: File 'aqProf.dll' does not exist
LogWindows: Failed to load 'VSPerf140.dll' (GetLastError=126)
LogWindows: File 'VSPerf140.dll' does not exist
LogWindows: Failed to load 'VtuneApi.dll' (GetLastError=126)
LogWindows: File 'VtuneApi.dll' does not exist
LogWindows: Failed to load 'VtuneApi32e.dll' (GetLastError=126)
LogWindows: File 'VtuneApi32e.dll' does not exist
LogInit: Display: Running engine for game: FPSGame
LogPlatformFile: Not using cached read wrapper
LogInit: Display: RandInit(-296828897) SRandInit(-296828897).
LogTaskGraph: Started task graph with 5 named threads and 14 total threads with 3 sets of task threads.
LogStats: Stats thread started at 0.615061
LogD3D11RHI: Aftermath initialized
LogPluginManager: Mounting plugin Paper2D
LogPluginManager: Mounting plugin LightPropagationVolume
LogPluginManager: Mounting plugin CodeLiteSourceCodeAccess
LogPluginManager: Mounting plugin GitSourceControl
LogPluginManager: Mounting plugin KDevelopSourceCodeAccess
LogPluginManager: Mounting plugin NullSourceCodeAccess
LogPluginManager: Mounting plugin PerforceSourceControl
LogPluginManager: Mounting plugin SubversionSourceControl
LogPluginManager: Mounting plugin UObjectPlugin
LogPluginManager: Mounting plugin VisualStudioSourceCodeAccess
LogPluginManager: Mounting plugin XCodeSourceCodeAccess
LogPluginManager: Mounting plugin AssetManagerEditor
LogPluginManager: Mounting plugin AudioCapture
LogPluginManager: Mounting plugin FacialAnimation
LogPluginManager: Mounting plugin GameplayTagsEditor
LogPluginManager: Mounting plugin MobileLauncherProfileWizard
LogPluginManager: Mounting plugin PluginBrowser
LogPluginManager: Mounting plugin SpeedTreeImporter
LogPluginManager: Mounting plugin AlembicImporter
LogPluginManager: Mounting plugin CharacterAI
LogPluginManager: Mounting plugin HTML5Networking
LogPluginManager: Mounting plugin AndroidMedia
LogPluginManager: Mounting plugin AvfMedia
LogPluginManager: Mounting plugin MediaPlayerEditor
LogPluginManager: Mounting plugin WmfMedia
LogPluginManager: Mounting plugin TcpMessaging
LogPluginManager: Mounting plugin UdpMessaging
LogPluginManager: Mounting plugin LevelSequenceEditor
LogPluginManager: Mounting plugin MatineeToLevelSequence
LogPluginManager: Mounting plugin OnlineSubsystemGooglePlay
LogPluginManager: Mounting plugin OnlineSubsystemIOS
LogPluginManager: Mounting plugin OnlineSubsystem
LogPluginManager: Mounting plugin OnlineSubsystemNull
LogPluginManager: Mounting plugin OnlineSubsystemUtils
LogPluginManager: Mounting plugin AndroidDeviceProfileSelector
LogPluginManager: Mounting plugin AndroidMoviePlayer
LogPluginManager: Mounting plugin AndroidPermission
LogPluginManager: Mounting plugin AppleMoviePlayer
LogPluginManager: Mounting plugin ArchVisCharacter
LogPluginManager: Mounting plugin CableComponent
LogPluginManager: Mounting plugin CustomMeshComponent
LogPluginManager: Mounting plugin ExampleDeviceProfileSelector
LogPluginManager: Mounting plugin GoogleCloudMessaging
LogPluginManager: Mounting plugin ImmediatePhysics
LogPluginManager: Mounting plugin IOSDeviceProfileSelector
LogPluginManager: Mounting plugin LinuxDeviceProfileSelector
LogPluginManager: Mounting plugin LocationServicesBPLibrary
LogPluginManager: Mounting plugin MobilePatchingUtils
LogPluginManager: Mounting plugin OculusVR
LogPluginManager: Mounting plugin PhysXVehicles
LogPluginManager: Mounting plugin ProceduralMeshComponent
LogPluginManager: Mounting plugin RuntimePhysXCooking
LogPluginManager: Mounting plugin SteamVR
LogPluginManager: Mounting plugin WindowsMoviePlayer
LogInit: Using libcurl 7.47.1
LogInit:  - built for x86_64-pc-win32
LogInit:  - supports SSL with OpenSSL/1.0.2g
LogInit:  - supports HTTP deflate (compression) using libz 1.2.8
LogInit:  - other features:
LogInit:      CURL_VERSION_SSL
LogInit:      CURL_VERSION_LIBZ
LogInit:      CURL_VERSION_IPV6
LogInit:      CURL_VERSION_ASYNCHDNS
LogInit:      CURL_VERSION_LARGEFILE
LogInit:      CURL_VERSION_IDN
LogInit:  CurlRequestOptions (configurable via config and command line):
LogInit:  - bVerifyPeer = false  - Libcurl will NOT verify peer certificate
LogInit:  - bUseHttpProxy = false  - Libcurl will NOT use HTTP proxy
LogInit:  - bDontReuseConnections = false  - Libcurl will reuse connections
LogInit:  - CertBundlePath = nullptr  - Libcurl will use whatever was configured at build time.
LogInit: Build: ++UE4+Release-4.17-CL-3658906
LogInit: Engine Version: 4.17.2-3658906+++UE4+Release-4.17
LogInit: Compatible Engine Version: 4.17.0-3573198+++UE4+Release-4.17
LogInit: Net CL: 3573198
LogDevObjectVersion: Number of dev versions registered: 16
LogDevObjectVersion:   Dev-Blueprints (B0D832E4-1F89-4F0D-ACCF-7EB736FD4AA2): 10
LogDevObjectVersion:   Dev-Build (E1C64328-A22C-4D53-A36C-8E866417BD8C): 0
LogDevObjectVersion:   Dev-Core (375EC13C-06E4-48FB-B500-84F0262A717E): 2
LogDevObjectVersion:   Dev-Editor (E4B068ED-F494-42E9-A231-DA0B2E46BB41): 20
LogDevObjectVersion:   Dev-Framework (CFFC743F-43B0-4480-9391-14DF171D2073): 28
LogDevObjectVersion:   Dev-Mobile (B02B49B5-BB20-44E9-A304-32B752E40360): 0
LogDevObjectVersion:   Dev-Networking (A4E4105C-59A1-49B5-A7C5-40C4547EDFEE): 0
LogDevObjectVersion:   Dev-Online (39C831C9-5AE6-47DC-9A44-9C173E1C8E7C): 0
LogDevObjectVersion:   Dev-Physics (78F01B33-EBEA-4F98-B9B4-84EACCB95AA2): 0
LogDevObjectVersion:   Dev-Platform (6631380F-2D4D-43E0-8009-CF276956A95A): 0
LogDevObjectVersion:   Dev-Rendering (12F88B9F-8875-4AFC-A67C-D90C383ABD29): 19
LogDevObjectVersion:   Dev-Sequencer (7B5AE74C-D270-4C10-A958-57980B212A5A): 4
LogDevObjectVersion:   Dev-VR (D7296918-1DD6-4BDD-9DE2-64A83CC13884): 0
LogDevObjectVersion:   Dev-LoadTimes (C2A15278-BFE7-4AFE-6C17-90FF531DF755): 1
LogDevObjectVersion:   Private-Geometry (6EACA3D4-40EC-4CC1-B786-8BED09428FC5): 1
LogDevObjectVersion:   Dev-AnimPhys (29E575DD-E0A3-4627-9D10-D276232CDCEA): 7
LogInit: Compiled (64-bit): Sep 22 2017 13:47:16
LogInit: Compiled with Visual C++: 19.00.24215.01
LogInit: Build Configuration: Development
LogInit: Branch Name: ++UE4+Release-4.17
LogInit: Command line:  -skipcompile
LogInit: Base directory: C:/Program Files/Epic Games/UE_4.17/Engine/Binaries/Win64/
LogInit: Installed Engine Build: 1
LogInit: Presizing for max 8388607 objects, including 0 objects not considered by GC, pre-allocating 0 bytes for permanent pool.
LogInit: Object subsystem initialized
[2018.08.12-23.43.58:073][  0]LogInit: Selected Device Profile: [Windows]
[2018.08.12-23.43.58:073][  0]LogInit: Applying CVar settings loaded from the selected device profile: [Windows]
[2018.08.12-23.43.58:099][  0]LogInit: Computer: LAPTOP-CPR2RP7G
[2018.08.12-23.43.58:099][  0]LogInit: User: Emili
[2018.08.12-23.43.58:099][  0]LogInit: CPU Page size=4096, Cores=4
[2018.08.12-23.43.58:100][  0]LogInit: High frequency timer resolution =2.742186 MHz
[2018.08.12-23.43.58:100][  0]LogMemory: Memory total: Physical=7.9GB (8GB approx)
[2018.08.12-23.43.58:100][  0]LogMemory: Platform Memory Stats for Windows
[2018.08.12-23.43.58:100][  0]LogMemory: Process Physical Memory: 279.64 MB used, 279.64 MB peak
[2018.08.12-23.43.58:101][  0]LogMemory: Process Virtual Memory: 282.41 MB used, 282.41 MB peak
[2018.08.12-23.43.58:101][  0]LogMemory: Physical Memory: 5339.66 MB used,  2735.94 MB free, 8075.60 MB total
[2018.08.12-23.43.58:101][  0]LogMemory: Virtual Memory: 4811.48 MB used,  2735.94 MB free, 134217728.00 MB total
[2018.08.12-23.43.58:344][  0]LogInit: Using OS detected language (en-US).
[2018.08.12-23.43.58:345][  0]LogInit: Using OS detected locale (en-US).
[2018.08.12-23.43.58:408][  0]LogTextLocalizationManager: No specific localization for 'en-US' exists, so the 'en' localization will be used.
[2018.08.12-23.44.01:432][  0]LogD3D11RHI: D3D11 adapters:
[2018.08.12-23.44.01:508][  0]LogD3D11RHI:    0. 'NVIDIA GeForce GTX 1060' (Feature Level 11_0)
[2018.08.12-23.44.01:508][  0]LogD3D11RHI:       6061/0/4037 MB DedicatedVideo/DedicatedSystem/SharedSystem, Outputs:2, VendorId:0x10de
[2018.08.12-23.44.01:528][  0]LogD3D11RHI:    1. 'Intel(R) HD Graphics 630' (Feature Level 11_0)
[2018.08.12-23.44.01:529][  0]LogD3D11RHI:       128/0/4037 MB DedicatedVideo/DedicatedSystem/SharedSystem, Outputs:0, VendorId:0x8086
[2018.08.12-23.44.01:535][  0]LogD3D11RHI:    2. 'Microsoft Basic Render Driver' (Feature Level 11_0)
[2018.08.12-23.44.01:535][  0]LogD3D11RHI:       0/0/4037 MB DedicatedVideo/DedicatedSystem/SharedSystem, Outputs:0, VendorId:0x1414
[2018.08.12-23.44.01:535][  0]LogD3D11RHI: Chosen D3D11 Adapter: 0
[2018.08.12-23.44.01:554][  0]LogD3D11RHI: Creating new Direct3DDevice
[2018.08.12-23.44.01:554][  0]LogD3D11RHI:     GPU DeviceId: 0x1c20 (for the marketing name, search the web for "GPU Device Id")
[2018.08.12-23.44.01:554][  0]LogWindows: EnumDisplayDevices:
[2018.08.12-23.44.01:554][  0]LogWindows:    0. 'Intel(R) HD Graphics 630' (P:1 D:1)
[2018.08.12-23.44.01:555][  0]LogWindows:    1. 'Intel(R) HD Graphics 630' (P:0 D:0)
[2018.08.12-23.44.01:555][  0]LogWindows:    2. 'Intel(R) HD Graphics 630' (P:0 D:0)
[2018.08.12-23.44.01:555][  0]LogWindows:    3. 'NVIDIA GeForce GTX 1060' (P:0 D:1)
[2018.08.12-23.44.01:555][  0]LogWindows: DebugString: GetVideoDriverDetailsInvalid PrimaryIsNotTheChoosenAdapter GetVideoDriverDetailsInvalid PrimaryIsNotTheChoosenAdapter GetVideoDriverDetailsInvalid PrimaryIsNotTheChoosenAdapter GetVideoDriverDetailsInvalid PrimaryIsNotTheChoosenAdapter FoundDriverCount:0 
[2018.08.12-23.44.01:555][  0]LogD3D11RHI:     Adapter Name: NVIDIA GeForce GTX 1060
[2018.08.12-23.44.01:555][  0]LogD3D11RHI:   Driver Version: Unknown (internal:Unknown, unified:Unknown)
[2018.08.12-23.44.01:555][  0]LogD3D11RHI:      Driver Date: Unknown
[2018.08.12-23.44.01:555][  0]LogRHI: Texture pool is 1361 MB (70% of 1945 MB)
[2018.08.12-23.44.01:585][  0]LogD3D11RHI: Async texture creation enabled
[2018.08.12-23.44.01:600][  0]LogD3D11RHI: GPU Timing Frequency: 1000.000000 (Debug: 2 1)
[2018.08.12-23.44.01:651][  0]LogShaderCompilers: Guid format shader working directory is -44 characters bigger than the processId version (../../../../../../Users/Emili/Documents/Unreal Projects/StealthGame/StealthGameTemplate417/Intermediate/Shaders/WorkingDirectory/7900/).
[2018.08.12-23.44.01:651][  0]LogShaderCompilers: Cleaned the shader compiler working directory 'C:/Users/Emili/AppData/Local/Temp/UnrealShaderWorkingDir/63D6CCB94844145E0FD9B9A1E2253DBB/'.
[2018.08.12-23.44.01:651][  0]LogShaderCompilers: Display: Using Local Shader Compiler.
[2018.08.12-23.44.03:625][  0]LogTemp: Display: Loaded TP AllDesktopTargetPlatform
[2018.08.12-23.44.03:682][  0]LogTemp: Display: Loaded TP MacClientTargetPlatform
[2018.08.12-23.44.03:742][  0]LogTemp: Display: Loaded TP MacNoEditorTargetPlatform
[2018.08.12-23.44.03:797][  0]LogTemp: Display: Loaded TP MacServerTargetPlatform
[2018.08.12-23.44.03:862][  0]LogTemp: Display: Loaded TP MacTargetPlatform
[2018.08.12-23.44.03:922][  0]LogTemp: Display: Loaded TP WindowsClientTargetPlatform
[2018.08.12-23.44.03:978][  0]LogTemp: Display: Loaded TP WindowsNoEditorTargetPlatform
[2018.08.12-23.44.04:034][  0]LogTemp: Display: Loaded TP WindowsServerTargetPlatform
[2018.08.12-23.44.04:088][  0]LogTemp: Display: Loaded TP WindowsTargetPlatform
[2018.08.12-23.44.04:150][  0]LogTemp: Display: Loaded TP AndroidTargetPlatform
[2018.08.12-23.44.04:206][  0]LogTemp: Display: Loaded TP Android_ASTCTargetPlatform
[2018.08.12-23.44.04:264][  0]LogTemp: Display: Loaded TP Android_ATCTargetPlatform
[2018.08.12-23.44.04:323][  0]LogTemp: Display: Loaded TP Android_DXTTargetPlatform
[2018.08.12-23.44.04:380][  0]LogTemp: Display: Loaded TP Android_ETC1TargetPlatform
[2018.08.12-23.44.04:435][  0]LogTemp: Display: Loaded TP Android_ETC2TargetPlatform
[2018.08.12-23.44.04:548][  0]LogTemp: Display: Loaded TP Android_MultiTargetPlatform
[2018.08.12-23.44.04:549][  0]LogTemp: Display: Loaded TP Android_PVRTCTargetPlatform
[2018.08.12-23.44.04:592][  0]LogTemp: Display: Loaded TP HTML5TargetPlatform
[2018.08.12-23.44.04:706][  0]LogTemp: Display: Loaded TP IOSTargetPlatform
[2018.08.12-23.44.04:742][  0]LogTemp: Display: Loaded TP TVOSTargetPlatform
[2018.08.12-23.44.04:797][  0]LogTemp: Display: Loaded TP LinuxClientTargetPlatform
[2018.08.12-23.44.04:850][  0]LogTemp: Display: Loaded TP LinuxNoEditorTargetPlatform
[2018.08.12-23.44.04:909][  0]LogTemp: Display: Loaded TP LinuxServerTargetPlatform
[2018.08.12-23.44.04:967][  0]LogTemp: Display: Loaded TP LinuxTargetPlatform
[2018.08.12-23.44.04:968][  0]LogTargetPlatformManager: Display: Building Assets For Windows
[2018.08.12-23.44.05:588][  0]LogDerivedDataCache: Display: Max Cache Size: 512 MB
[2018.08.12-23.44.06:106][  0]LogDerivedDataCache: Loaded boot cache 0.52s 94MB C:/Users/Emili/AppData/Local/UnrealEngine/4.17/DerivedDataCache/Boot.ddc.
[2018.08.12-23.44.06:106][  0]LogDerivedDataCache: Display: Loaded Boot cache: C:/Users/Emili/AppData/Local/UnrealEngine/4.17/DerivedDataCache/Boot.ddc
[2018.08.12-23.44.06:107][  0]LogDerivedDataCache: FDerivedDataBackendGraph:  Pak pak cache file ../../../../../../Users/Emili/Documents/Unreal Projects/StealthGame/StealthGameTemplate417/DerivedDataCache/DDC.ddp not found, will not use a pak cache.
[2018.08.12-23.44.06:107][  0]LogDerivedDataCache: Unable to find inner node Pak for hierarchical cache Hierarchy.
[2018.08.12-23.44.06:107][  0]LogDerivedDataCache: FDerivedDataBackendGraph:  CompressedPak pak cache file ../../../../../../Users/Emili/Documents/Unreal Projects/StealthGame/StealthGameTemplate417/DerivedDataCache/Compressed.ddp not found, will not use a pak cache.
[2018.08.12-23.44.06:107][  0]LogDerivedDataCache: Unable to find inner node CompressedPak for hierarchical cache Hierarchy.
[2018.08.12-23.44.06:126][  0]LogDerivedDataCache: Display: Pak cache opened for reading ../../../Engine/DerivedDataCache/Compressed.ddp.
[2018.08.12-23.44.06:140][  0]LogDerivedDataCache: Using Local data cache path C:/Users/Emili/AppData/Local/UnrealEngine/Common/DerivedDataCache: Writable
[2018.08.12-23.44.06:150][  0]LogMaterial: Verifying Global Shaders for PCD3D_SM5
[2018.08.12-23.44.06:151][  0]LogSlate: Using Freetype 2.6.0
[2018.08.12-23.44.06:169][  0]LogSlate: SlateFontCache - WITH_FREETYPE: 1, WITH_HARFBUZZ: 1
[2018.08.12-23.44.06:169][  0]LogSlate: SlateFontCache - WITH_FREETYPE: 1, WITH_HARFBUZZ: 1
[2018.08.12-23.44.07:011][  0]LogAssetRegistry: FAssetRegistry took 0.0293 seconds to start up
[2018.08.12-23.44.07:141][  0]LogInit: Selected Device Profile: [Windows]
[2018.08.12-23.44.07:374][  0]LogContentStreaming: Texture pool size is 0.00 MB
[2018.08.12-23.44.07:723][  0]LogSimplygon: Simplygon DLL not present - disabling.
[2018.08.12-23.44.07:772][  0]LogMeshReduction: Using SimplygonSwarm for distributed automatic mesh merging
[2018.08.12-23.44.07:772][  0]LogMeshReduction: Using QuadricMeshReduction for automatic static mesh reduction
[2018.08.12-23.44.07:772][  0]LogMeshReduction: No automatic skeletal mesh reduction module available
[2018.08.12-23.44.07:772][  0]LogMeshReduction: No automatic mesh merging module available
[2018.08.12-23.44.07:773][  0]LogMeshMerging: No automatic mesh merging module available
[2018.08.12-23.44.08:268][  0]LogNetVersion: FPSGame , NetCL: 3573198, EngineNetVer: 2, GameNetVer: 0 (Checksum: 3581027628)
[2018.08.12-23.44.08:559][  0]LogPackageLocalizationCache: Processed 5 localized package path(s) for 2 prioritized culture(s) in 0.061771 seconds
[2018.08.12-23.44.08:567][  0]LogUObjectArray: 35825 objects as part of root set at end of initial load.
[2018.08.12-23.44.08:567][  0]LogUObjectAllocator: 7529112 out of 0 bytes used by permanent object pool.
[2018.08.12-23.44.08:567][  0]LogUObjectArray: CloseDisregardForGC: 0/0 objects in disregard for GC pool
[2018.08.12-23.44.08:638][  0]LogInit: WinSock: version 1.1 (2.2), MaxSocks=32767, MaxUdp=65467
[2018.08.12-23.44.14:325][  0]LogTcpMessaging: Initializing TcpMessaging bridge
[2018.08.12-23.44.14:376][  0]LogUdpMessaging: Initializing bridge on interface 0.0.0.0:0 to multicast group 230.0.0.1:6666.
[2018.08.12-23.44.15:241][  0]LogMaterial: Missing cached shader map for material M_FPGun, compiling. 
[2018.08.12-23.44.15:311][  0]LogMaterial: Missing cached shader map for material M_PlayerArms, compiling. 
[2018.08.12-23.44.15:363][  0]LogMaterial: Missing cached shader map for material M_Projectile, compiling. 
[2018.08.12-23.44.15:383][  0]LogStaticMesh: Building static mesh FirstPersonProjectileMesh...
[2018.08.12-23.44.15:397][  0]LogStaticMesh: Built static mesh [0.02s] /Game/Weapon/FirstPersonProjectileMesh.FirstPersonProjectileMesh
[2018.08.12-23.44.15:894][  0]LogMaterial: Uniform references updated for custom material expression Custom.
[2018.08.12-23.44.16:939][  0]SourceControl: Source control is disabled
[2018.08.12-23.44.16:940][  0]SourceControl: Source control is disabled
[2018.08.12-23.44.17:055][  0]SourceControl: Source control is disabled
[2018.08.12-23.44.17:163][  0]SourceControl: Source control is disabled
[2018.08.12-23.44.18:552][  0]LogAndroidPermission: UAndroidPermissionCallbackProxy::GetInstance
[2018.08.12-23.44.19:092][  0]LogOcInput: OculusInput pre-init called
[2018.08.12-23.44.19:701][  0]LogEngine: Initializing Engine...
[2018.08.12-23.44.19:705][  0]LogHMD: Failed to initialize OpenVR with code 110
[2018.08.12-23.44.20:466][  0]LogStats: UGameplayTagsManager::ConstructGameplayTagTree: Construct from data asset -  0.000 s
[2018.08.12-23.44.20:466][  0]LogStats: UGameplayTagsManager::ConstructGameplayTagTree: GameplayTagTreeChangedEvent.Broadcast -  0.000 s
[2018.08.12-23.44.20:761][  0]LogAIModule: Creating AISystem for world Untitled
[2018.08.12-23.44.20:806][  0]LogInit: XAudio2 using 'Speakers (Realtek High Definition Audio(SST))' : 2 channels at 48 kHz using 32 bits per sample (channel mask 0x3)
[2018.08.12-23.44.21:974][  0]LogInit: FAudioDevice initialized.
[2018.08.12-23.44.22:104][  0]LogDerivedDataCache: Saved boot cache 0.13s 94MB C:/Users/Emili/AppData/Local/UnrealEngine/4.17/DerivedDataCache/Boot.ddc.
[2018.08.12-23.44.22:142][  0]LogInit: Texture streaming: Enabled
[2018.08.12-23.44.22:425][  0]LogEngineSessionManager: EngineSessionManager initialized
[2018.08.12-23.44.22:918][  0]LogInit: Transaction tracking system initialized
[2018.08.12-23.44.23:395][  0]BlueprintLog: New page: Editor Load
[2018.08.12-23.44.24:697][  0]LocalizationService: Localization service is disabled
[2018.08.12-23.44.25:631][  0]LogConsoleResponse: Display: 
[2018.08.12-23.44.26:127][  0]LogCook: Display: Max memory allowance for cook 16384mb min free memory 0mb
[2018.08.12-23.44.26:127][  0]LogCook: Display: Mobile HDR setting 1
[2018.08.12-23.44.26:127][  0]LogGameplayTags: Display: UGameplayTagsManager::DoneAddingNativeTags. DelegateIsBound: 0
[2018.08.12-23.44.26:532][  0]LogFileCache: Scanning file cache for directory 'C:/Users/Emili/Documents/Unreal Projects/StealthGame/StealthGameTemplate417/Content/' took 0.02s
[2018.08.12-23.44.27:548][  0]SourceControl: Source control is disabled
[2018.08.12-23.44.27:549][  0]Cmd: MAP LOAD FILE="../../../../../../Users/Emili/Documents/Unreal Projects/StealthGame/StealthGameTemplate417/Content/Maps/FirstPersonExampleMap.umap" TEMPLATE=0 SHOWPROGRESS=1 FEATURELEVEL=3
[2018.08.12-23.44.27:550][  0]LightingResults: New page: Lighting Build
[2018.08.12-23.44.27:605][  0]MapCheck: New page: Map Check
[2018.08.12-23.44.27:605][  0]LightingResults: New page: Lighting Build
[2018.08.12-23.44.28:020][  0]LogTexture: Display: Building textures: AOMaterialMask1_1 (BC4, 1024X512)
[2018.08.12-23.44.28:020][  0]LogTexture: Display: Building textures: AOMaterialMask0_3 (BC4, 1024X512)
[2018.08.12-23.44.28:020][  0]LogTexture: Display: Building textures: AOMaterialMask1_2 (BC4, 1024X512)
[2018.08.12-23.44.28:020][  0]LogTexture: Display: Building textures: HQ_Lightmap0_3 (AutoDXT, 1024X1024)
[2018.08.12-23.44.28:020][  0]LogTexture: Display: Building textures: HQ_Lightmap1_1 (AutoDXT, 1024X1024)
[2018.08.12-23.44.28:020][  0]LogTexture: Display: Building textures: HQ_Lightmap1_2 (AutoDXT, 1024X1024)
[2018.08.12-23.44.28:020][  0]LogMaterial: Missing cached shader map for material M_Cube, compiling. 
[2018.08.12-23.44.28:060][  0]LogTexture: Display: Building textures: LQ_Lightmap_0_3 (DXT1, 1024X1024)
[2018.08.12-23.44.28:061][  0]LogTexture: Display: Building textures: LQ_Lightmap_1_1 (DXT1, 1024X1024)
[2018.08.12-23.44.28:061][  0]LogStaticMesh: Building static mesh Shape_Cube...
[2018.08.12-23.44.28:063][  0]LogStaticMesh: Built static mesh [0.00s] /Game/Environment/Shape_Cube.Shape_Cube
[2018.08.12-23.44.28:072][  0]LogTexture: Display: Building textures: LQ_Lightmap_1_2 (DXT1, 1024X1024)
[2018.08.12-23.44.28:073][  0]LogMaterial: Missing cached shader map for material M_Blockout, compiling. 
[2018.08.12-23.44.28:719][  0]LogTexture: Display: Building textures: SkyOcclusion0_3 (AutoDXT, 1024X512)
[2018.08.12-23.44.28:721][  0]LogTexture: Display: Building textures: SkyOcclusion1_1 (AutoDXT, 1024X512)
[2018.08.12-23.44.28:721][  0]LogTexture: Display: Building textures: SkyOcclusion1_2 (AutoDXT, 1024X512)
[2018.08.12-23.44.28:721][  0]LogTexture: Display: Building textures: ShadowMapTexture2D_6 (G8, 1024X1024)
[2018.08.12-23.44.28:721][  0]LogTexture: Display: Building textures: ShadowMapTexture2D_7 (G8, 128X512)
[2018.08.12-23.44.28:721][  0]LogTexture: Display: Building textures: clouds_dust_detail_01 (AutoDXT, 512X512)
[2018.08.12-23.44.28:721][  0]LogTexture: Display: Building textures: sunflare (AutoDXT, 512X512)
[2018.08.12-23.44.28:722][  0]LogTexture: Display: Building textures: T_MeshFire_Mask (AutoDXT, 512X512)
[2018.08.12-23.44.28:722][  0]LogTexture: Display: Building textures: ThumbnailTexture (DXT1, 512X512)
[2018.08.12-23.44.28:764][  0]LogTexture: Display: Building textures: T_Smoke2_Tile (AutoDXT, 256X256)
[2018.08.12-23.44.28:765][  0]LogTexture: Display: Building textures: T_Flame_Tile (AutoDXT, 512X512)
[2018.08.12-23.44.28:765][  0]LogTexture: Display: Building textures: round_mask (AutoDXT, 256X256)
[2018.08.12-23.44.28:765][  0]LogMaterial: Missing cached shader map for material AntiAliasedTextMaterialTranslucent_Glow, compiling. 
[2018.08.12-23.44.28:878][  0]LogStaticMesh: Building static mesh SM_plane_pivot_down...
[2018.08.12-23.44.28:878][  0]LogStaticMesh: Built static mesh [0.00s] /Game/Effects/Meshes/SM_plane_pivot_down.SM_plane_pivot_down
[2018.08.12-23.44.28:879][  0]LogStaticMesh: Building static mesh S_SandSwirl...
[2018.08.12-23.44.28:884][  0]LogStaticMesh: Built static mesh [0.01s] /Game/Effects/Meshes/S_SandSwirl.S_SandSwirl
[2018.08.12-23.44.28:896][  0]LogMaterial: Missing cached shader map for material M_wind_swirl_02, compiling. 
[2018.08.12-23.44.28:952][  0]LogMaterial: Missing cached shader map for material m_flare_03, compiling. 
[2018.08.12-23.44.29:014][  0]LogMaterial: Missing cached shader map for material gold_ore_effect, compiling. 
[2018.08.12-23.44.29:074][  0]LogMaterial: Missing cached shader map for material Coin2, compiling. 
[2018.08.12-23.44.29:268][  0]LogAIModule: Creating AISystem for world FirstPersonExampleMap
[2018.08.12-23.44.29:417][  0]LogEditorServer: Finished looking for orphan Actors (0.000 secs)
[2018.08.12-23.44.29:463][  0]Cmd: MAP CHECKDEP NOCLEARLOG
[2018.08.12-23.44.29:569][  0]MapCheck: Map check complete: 0 Error(s), 0 Warning(s), took 105.847ms to complete.
[2018.08.12-23.44.29:569][  0]LogFileHelpers: Loading map 'FirstPersonExampleMap' took 2.020
[2018.08.12-23.44.29:899][  0]LogCollectionManager: Loaded 0 collections in 0.003090 seconds
[2018.08.12-23.44.30:048][  0]LogFileCache: Scanning file cache for directory 'C:/Users/Emili/Documents/Unreal Projects/StealthGame/StealthGameTemplate417/Saved/Collections/' took 0.02s
[2018.08.12-23.44.30:048][  0]LogFileCache: Scanning file cache for directory 'C:/Users/Emili/Documents/Unreal Projects/StealthGame/StealthGameTemplate417/Content/Developers/Emili/Collections/' took 0.01s
[2018.08.12-23.44.30:048][  0]LogFileCache: Scanning file cache for directory 'C:/Users/Emili/Documents/Unreal Projects/StealthGame/StealthGameTemplate417/Content/Collections/' took 0.02s
[2018.08.12-23.44.30:049][  0]LogCollectionManager: Rebuilt the GUID cache for 0 collections in 0.000001 seconds
[2018.08.12-23.44.30:068][  0]LogContentBrowser: Native class hierarchy populated in 0.0186 seconds. Added 2392 classes and 503 folders.
[2018.08.12-23.44.30:211][  0]LogContentBrowser: Native class hierarchy updated for 'WidgetCarousel' in 0.0038 seconds. Added 0 classes and 0 folders.
[2018.08.12-23.44.30:879][  0]LogContentBrowser: Native class hierarchy updated for 'AddContentDialog' in 0.0050 seconds. Added 0 classes and 0 folders.
[2018.08.12-23.44.30:997][  0]LogContentBrowser: Native class hierarchy updated for 'SceneOutliner' in 0.0046 seconds. Added 1 classes and 2 folders.
[2018.08.12-23.44.31:063][  0]LogSlate: Took 0.008883 seconds to synchronously load lazily loaded font '../../../Engine/Content/Slate/Fonts/Roboto-Regular.ttf' (155K)
[2018.08.12-23.44.31:075][  0]LogSlate: Took 0.010278 seconds to synchronously load lazily loaded font '../../../Engine/Content/Slate/Fonts/Roboto-Bold.ttf' (160K)
[2018.08.12-23.44.31:092][  0]LogSlate: Took 0.007759 seconds to synchronously load lazily loaded font '../../../Engine/Content/Editor/Slate/Fonts/FontAwesome.ttf' (139K)
[2018.08.12-23.44.31:335][  0]LogRenderer: Reallocating scene render targets to support 964x436 Format 10 NumSamples 1 (Frame:1).
[2018.08.12-23.44.31:691][  0]LogContentBrowser: Native class hierarchy updated for 'HierarchicalLODOutliner' in 0.0046 seconds. Added 1 classes and 2 folders.
[2018.08.12-23.44.31:692][  0]LogLoad: (Engine Initialization) Total time: 36.98 seconds
[2018.08.12-23.44.31:692][  0]LogLoad: (Engine Initialization) Total Blueprint compile time: 0.00 seconds
[2018.08.12-23.44.31:692][  0]LogExternalProfiler: No external profilers were discovered.  External profiling features will not be available.
[2018.08.12-23.44.31:713][  0]LogWindowsTextInputMethodSystem: Display: IME system now deactivated.
[2018.08.12-23.44.31:739][  0]LogContentStreaming: Texture pool size now 1000 MB
[2018.08.12-23.44.31:841][  0]LogSlate: Took 0.010958 seconds to synchronously load lazily loaded font '../../../Engine/Content/Slate/Fonts/Roboto-Light.ttf' (159K)
[2018.08.12-23.44.31:874][  1]LogAssetRegistry: Asset discovery search completed in 24.8880 seconds
[2018.08.12-23.44.31:880][  1]LogCollectionManager: Rebuilt the object cache for 0 collections in 0.000001 seconds (found 0 objects)
[2018.08.12-23.44.31:880][  1]LogCollectionManager: Fixed up redirectors for 0 collections in 0.000300 seconds (updated 0 objects)
[2018.08.12-23.46.50:624][273]LogSlate: Took 0.000139 seconds to synchronously load lazily loaded font '../../../Engine/Content/Slate/Fonts/Roboto-Light.ttf' (159K)
[2018.08.12-23.46.50:707][273]LogSlate: Took 0.007301 seconds to synchronously load lazily loaded font '../../../Engine/Content/Editor/Slate/Fonts/Roboto-BoldCondensed.ttf' (158K)
[2018.08.12-23.47.18:222][891]Running C:/Program Files/Epic Games/UE_4.17/Engine/Binaries/DotNET/UnrealBuildTool.exe FPSGame Win64 Development -editorrecompile "C:/Users/Emili/Documents/Unreal Projects/StealthGame/StealthGameTemplate417/FPSGame.uproject" -invalidatemakefilesonly
[2018.08.12-23.47.18:527][891]Invalidating makefiles only in this run.
[2018.08.12-23.47.18:773][891]Candidate modules for hot reload:
[2018.08.12-23.47.18:774][891]  FPSGame
[2018.08.12-23.47.18:774][891]Launching UnrealBuildTool... [C:/Program Files/Epic Games/UE_4.17/Engine/Binaries/DotNET/UnrealBuildTool.exe FPSGame -ModuleWithSuffix FPSGame 5508 Win64 Development -editorrecompile -canskiplink "C:/Users/Emili/Documents/Unreal Projects/StealthGame/StealthGameTemplate417/FPSGame.uproject" ]
[2018.08.12-23.47.19:670][891]LogSlate: Took 0.000329 seconds to synchronously load lazily loaded font '../../../Engine/Content/Slate/Fonts/Roboto-Regular.ttf' (155K)
[2018.08.12-23.48.05:972][891]CompilerResultsLog: New page: Compilation - Aug 12, 2018, 3:48:05 PM
[2018.08.12-23.48.05:972][891]CompilerResultsLog: Performing full C++ include scan (hot reloading a new target)
[2018.08.12-23.48.05:973][891]CompilerResultsLog: Compiling game modules for hot reload
[2018.08.12-23.48.05:973][891]CompilerResultsLog: Parsing headers for FPSGameEditor
[2018.08.12-23.48.05:973][891]CompilerResultsLog:   Running UnrealHeaderTool "C:\Users\Emili\Documents\Unreal Projects\StealthGame\StealthGameTemplate417\FPSGame.uproject" "C:\Users\Emili\Documents\Unreal Projects\StealthGame\StealthGameTemplate417\Intermediate\Build\Win64\FPSGameEditor\Development\FPSGameEditor.uhtmanifest" -LogCmds="loginit warning, logexit warning, logdatabase error" -Unattended -WarningsAsErrors -installed
[2018.08.12-23.48.05:973][891]CompilerResultsLog: Reflection code generated for FPSGameEditor in 8.588646 seconds
[2018.08.12-23.48.05:973][891]CompilerResultsLog: Performing 5 actions (4 in parallel)
[2018.08.12-23.48.05:973][891]CompilerResultsLog: FPSExtractionZone.gen.cpp
[2018.08.12-23.48.05:973][891]CompilerResultsLog: FPSGame.init.gen.cpp
[2018.08.12-23.48.05:973][891]CompilerResultsLog: FPSExtractionZone.cpp
[2018.08.12-23.48.05:974][891]CompilerResultsLog: [4/5] Link UE4Editor-FPSGame-5508.dll
[2018.08.12-23.48.05:974][891]CompilerResultsLog: [5/5] Link UE4Editor-FPSGame-5508.lib
[2018.08.12-23.48.05:974][891]CompilerResultsLog:    Creating library C:\Users\Emili\Documents\Unreal Projects\StealthGame\StealthGameTemplate417\Intermediate\Build\Win64\UE4Editor\Development\UE4Editor-FPSGame-5508.lib and object C:\Users\Emili\Documents\Unreal Projects\StealthGame\StealthGameTemplate417\Intermediate\Build\Win64\UE4Editor\Development\UE4Editor-FPSGame-5508.exp
[2018.08.12-23.48.05:974][891]CompilerResultsLog:    Creating library C:\Users\Emili\Documents\Unreal Projects\StealthGame\StealthGameTemplate417\Intermediate\Build\Win64\UE4Editor\Development\UE4Editor-FPSGame-5508.suppressed.lib and object C:\Users\Emili\Documents\Unreal Projects\StealthGame\StealthGameTemplate417\Intermediate\Build\Win64\UE4Editor\Development\UE4Editor-FPSGame-5508.suppressed.exp
[2018.08.12-23.48.05:974][891]CompilerResultsLog: Total build time: 46.97 seconds (Local executor: 3.49 seconds)
[2018.08.12-23.48.05:974][891]LogMainFrame: MainFrame: Module compiling took 47.208 seconds
[2018.08.12-23.48.06:059][891]LogClass: Could not find existing class FPSExtractionZone in package /Script/FPSGame for HotReload, assuming new class
[2018.08.12-23.48.06:065][891]LogHotReload: Re-instancing FPSBlackHole after hot-reload.
[2018.08.12-23.48.06:116][891]LogContentBrowser: Native class hierarchy updated for 'FPSGame' in 0.0028 seconds. Added 7 classes and 3 folders.
[2018.08.12-23.48.06:119][891]Display: HotReload successful (2 functions remapped  0 scriptstructs remapped)
[2018.08.12-23.48.06:197][891]LogContentBrowser: Native class hierarchy populated in 0.0107 seconds. Added 2395 classes and 507 folders.
[2018.08.12-23.48.06:197][891]Display: HotReload took 47.6s.
[2018.08.12-23.48.06:199][891]Warning: HotReload operation took 47.6s.
[2018.08.12-23.48.06:365][891]LogVSAccessor: Warning: Couldn't goto line number '0' in 'C:/Users/Emili/Documents/Unreal Projects/StealthGame/StealthGameTemplate417/Source/FPSGame/Public/FPSExtractionZone.h'
[2018.08.12-23.48.06:442][891]LogVSAccessor: Warning: Couldn't goto line number '0' in 'C:/Users/Emili/Documents/Unreal Projects/StealthGame/StealthGameTemplate417/Source/FPSGame/Private/FPSExtractionZone.cpp'
[2018.08.12-23.48.06:469][891]LogHotReload: New module detected: UE4Editor-FPSGame-5508.dll
[2018.08.12-23.48.06:524][892]LogHotReload: Starting Hot-Reload from IDE
[2018.08.12-23.48.06:635][892]LogContentBrowser: Native class hierarchy updated for 'FPSGame' in 0.0027 seconds. Added 7 classes and 3 folders.
[2018.08.12-23.48.06:637][892]Display: HotReload successful (0 functions remapped  0 scriptstructs remapped)
[2018.08.12-23.48.06:651][892]LogContentBrowser: Native class hierarchy populated in 0.0115 seconds. Added 2395 classes and 507 folders.
[2018.08.12-23.48.06:656][892]Display: HotReload took  0.1s.
