Log file open, 08/12/18 20:46:16
LogWindows: Failed to load 'aqProf.dll' (GetLastError=126)
LogWindows: File 'aqProf.dll' does not exist
LogWindows: Failed to load 'VSPerf140.dll' (GetLastError=126)
LogWindows: File 'VSPerf140.dll' does not exist
LogWindows: Failed to load 'VtuneApi.dll' (GetLastError=126)
LogWindows: File 'VtuneApi.dll' does not exist
LogWindows: Failed to load 'VtuneApi32e.dll' (GetLastError=126)
LogWindows: File 'VtuneApi32e.dll' does not exist
LogInit: Display: Running engine for game: FPSGame
LogPlatformFile: Not using cached read wrapper
LogInit: Display: RandInit(1369631968) SRandInit(1369631968).
LogTaskGraph: Started task graph with 5 named threads and 14 total threads with 3 sets of task threads.
LogStats: Stats thread started at 0.268208
LogD3D11RHI: Aftermath initialized
LogPluginManager: Mounting plugin Paper2D
LogPluginManager: Mounting plugin LightPropagationVolume
LogPluginManager: Mounting plugin CodeLiteSourceCodeAccess
LogPluginManager: Mounting plugin GitSourceControl
LogPluginManager: Mounting plugin KDevelopSourceCodeAccess
LogPluginManager: Mounting plugin NullSourceCodeAccess
LogPluginManager: Mounting plugin PerforceSourceControl
LogPluginManager: Mounting plugin SubversionSourceControl
LogPluginManager: Mounting plugin UObjectPlugin
LogPluginManager: Mounting plugin VisualStudioSourceCodeAccess
LogPluginManager: Mounting plugin XCodeSourceCodeAccess
LogPluginManager: Mounting plugin AssetManagerEditor
LogPluginManager: Mounting plugin AudioCapture
LogPluginManager: Mounting plugin FacialAnimation
LogPluginManager: Mounting plugin GameplayTagsEditor
LogPluginManager: Mounting plugin MobileLauncherProfileWizard
LogPluginManager: Mounting plugin PluginBrowser
LogPluginManager: Mounting plugin SpeedTreeImporter
LogPluginManager: Mounting plugin AlembicImporter
LogPluginManager: Mounting plugin CharacterAI
LogPluginManager: Mounting plugin HTML5Networking
LogPluginManager: Mounting plugin AndroidMedia
LogPluginManager: Mounting plugin AvfMedia
LogPluginManager: Mounting plugin MediaPlayerEditor
LogPluginManager: Mounting plugin WmfMedia
LogPluginManager: Mounting plugin TcpMessaging
LogPluginManager: Mounting plugin UdpMessaging
LogPluginManager: Mounting plugin LevelSequenceEditor
LogPluginManager: Mounting plugin MatineeToLevelSequence
LogPluginManager: Mounting plugin OnlineSubsystemGooglePlay
LogPluginManager: Mounting plugin OnlineSubsystemIOS
LogPluginManager: Mounting plugin OnlineSubsystem
LogPluginManager: Mounting plugin OnlineSubsystemNull
LogPluginManager: Mounting plugin OnlineSubsystemUtils
LogPluginManager: Mounting plugin AndroidDeviceProfileSelector
LogPluginManager: Mounting plugin AndroidMoviePlayer
LogPluginManager: Mounting plugin AndroidPermission
LogPluginManager: Mounting plugin AppleMoviePlayer
LogPluginManager: Mounting plugin ArchVisCharacter
LogPluginManager: Mounting plugin CableComponent
LogPluginManager: Mounting plugin CustomMeshComponent
LogPluginManager: Mounting plugin ExampleDeviceProfileSelector
LogPluginManager: Mounting plugin GoogleCloudMessaging
LogPluginManager: Mounting plugin ImmediatePhysics
LogPluginManager: Mounting plugin IOSDeviceProfileSelector
LogPluginManager: Mounting plugin LinuxDeviceProfileSelector
LogPluginManager: Mounting plugin LocationServicesBPLibrary
LogPluginManager: Mounting plugin MobilePatchingUtils
LogPluginManager: Mounting plugin OculusVR
LogPluginManager: Mounting plugin PhysXVehicles
LogPluginManager: Mounting plugin ProceduralMeshComponent
LogPluginManager: Mounting plugin RuntimePhysXCooking
LogPluginManager: Mounting plugin SteamVR
LogPluginManager: Mounting plugin WindowsMoviePlayer
LogInit: Using libcurl 7.47.1
LogInit:  - built for x86_64-pc-win32
LogInit:  - supports SSL with OpenSSL/1.0.2g
LogInit:  - supports HTTP deflate (compression) using libz 1.2.8
LogInit:  - other features:
LogInit:      CURL_VERSION_SSL
LogInit:      CURL_VERSION_LIBZ
LogInit:      CURL_VERSION_IPV6
LogInit:      CURL_VERSION_ASYNCHDNS
LogInit:      CURL_VERSION_LARGEFILE
LogInit:      CURL_VERSION_IDN
LogInit:  CurlRequestOptions (configurable via config and command line):
LogInit:  - bVerifyPeer = false  - Libcurl will NOT verify peer certificate
LogInit:  - bUseHttpProxy = false  - Libcurl will NOT use HTTP proxy
LogInit:  - bDontReuseConnections = false  - Libcurl will reuse connections
LogInit:  - CertBundlePath = nullptr  - Libcurl will use whatever was configured at build time.
LogInit: Build: ++UE4+Release-4.17-CL-3658906
LogInit: Engine Version: 4.17.2-3658906+++UE4+Release-4.17
LogInit: Compatible Engine Version: 4.17.0-3573198+++UE4+Release-4.17
LogInit: Net CL: 3573198
LogDevObjectVersion: Number of dev versions registered: 16
LogDevObjectVersion:   Dev-Blueprints (B0D832E4-1F89-4F0D-ACCF-7EB736FD4AA2): 10
LogDevObjectVersion:   Dev-Build (E1C64328-A22C-4D53-A36C-8E866417BD8C): 0
LogDevObjectVersion:   Dev-Core (375EC13C-06E4-48FB-B500-84F0262A717E): 2
LogDevObjectVersion:   Dev-Editor (E4B068ED-F494-42E9-A231-DA0B2E46BB41): 20
LogDevObjectVersion:   Dev-Framework (CFFC743F-43B0-4480-9391-14DF171D2073): 28
LogDevObjectVersion:   Dev-Mobile (B02B49B5-BB20-44E9-A304-32B752E40360): 0
LogDevObjectVersion:   Dev-Networking (A4E4105C-59A1-49B5-A7C5-40C4547EDFEE): 0
LogDevObjectVersion:   Dev-Online (39C831C9-5AE6-47DC-9A44-9C173E1C8E7C): 0
LogDevObjectVersion:   Dev-Physics (78F01B33-EBEA-4F98-B9B4-84EACCB95AA2): 0
LogDevObjectVersion:   Dev-Platform (6631380F-2D4D-43E0-8009-CF276956A95A): 0
LogDevObjectVersion:   Dev-Rendering (12F88B9F-8875-4AFC-A67C-D90C383ABD29): 19
LogDevObjectVersion:   Dev-Sequencer (7B5AE74C-D270-4C10-A958-57980B212A5A): 4
LogDevObjectVersion:   Dev-VR (D7296918-1DD6-4BDD-9DE2-64A83CC13884): 0
LogDevObjectVersion:   Dev-LoadTimes (C2A15278-BFE7-4AFE-6C17-90FF531DF755): 1
LogDevObjectVersion:   Private-Geometry (6EACA3D4-40EC-4CC1-B786-8BED09428FC5): 1
LogDevObjectVersion:   Dev-AnimPhys (29E575DD-E0A3-4627-9D10-D276232CDCEA): 7
LogInit: Compiled (64-bit): Sep 22 2017 13:47:16
LogInit: Compiled with Visual C++: 19.00.24215.01
LogInit: Build Configuration: Development
LogInit: Branch Name: ++UE4+Release-4.17
LogInit: Command line:  -skipcompile
LogInit: Base directory: C:/Program Files/Epic Games/UE_4.17/Engine/Binaries/Win64/
LogInit: Installed Engine Build: 1
LogInit: Presizing for max 8388607 objects, including 0 objects not considered by GC, pre-allocating 0 bytes for permanent pool.
LogInit: Object subsystem initialized
[2018.08.13-00.46.18:061][  0]LogInit: Selected Device Profile: [Windows]
[2018.08.13-00.46.18:062][  0]LogInit: Applying CVar settings loaded from the selected device profile: [Windows]
[2018.08.13-00.46.18:080][  0]LogInit: Computer: LAPTOP-CPR2RP7G
[2018.08.13-00.46.18:080][  0]LogInit: User: Emili
[2018.08.13-00.46.18:080][  0]LogInit: CPU Page size=4096, Cores=4
[2018.08.13-00.46.18:080][  0]LogInit: High frequency timer resolution =2.742186 MHz
[2018.08.13-00.46.18:081][  0]LogMemory: Memory total: Physical=7.9GB (8GB approx)
[2018.08.13-00.46.18:081][  0]LogMemory: Platform Memory Stats for Windows
[2018.08.13-00.46.18:081][  0]LogMemory: Process Physical Memory: 279.77 MB used, 279.77 MB peak
[2018.08.13-00.46.18:081][  0]LogMemory: Process Virtual Memory: 282.64 MB used, 282.64 MB peak
[2018.08.13-00.46.18:081][  0]LogMemory: Physical Memory: 4773.51 MB used,  3302.09 MB free, 8075.60 MB total
[2018.08.13-00.46.18:081][  0]LogMemory: Virtual Memory: 4811.48 MB used,  3302.09 MB free, 134217728.00 MB total
[2018.08.13-00.46.18:319][  0]LogInit: Using OS detected language (en-US).
[2018.08.13-00.46.18:319][  0]LogInit: Using OS detected locale (en-US).
[2018.08.13-00.46.18:322][  0]LogTextLocalizationManager: No specific localization for 'en-US' exists, so the 'en' localization will be used.
[2018.08.13-00.46.19:091][  0]LogD3D11RHI: D3D11 adapters:
[2018.08.13-00.46.19:178][  0]LogD3D11RHI:    0. 'NVIDIA GeForce GTX 1060' (Feature Level 11_0)
[2018.08.13-00.46.19:178][  0]LogD3D11RHI:       6061/0/4037 MB DedicatedVideo/DedicatedSystem/SharedSystem, Outputs:2, VendorId:0x10de
[2018.08.13-00.46.19:196][  0]LogD3D11RHI:    1. 'Intel(R) HD Graphics 630' (Feature Level 11_0)
[2018.08.13-00.46.19:196][  0]LogD3D11RHI:       128/0/4037 MB DedicatedVideo/DedicatedSystem/SharedSystem, Outputs:0, VendorId:0x8086
[2018.08.13-00.46.19:200][  0]LogD3D11RHI:    2. 'Microsoft Basic Render Driver' (Feature Level 11_0)
[2018.08.13-00.46.19:200][  0]LogD3D11RHI:       0/0/4037 MB DedicatedVideo/DedicatedSystem/SharedSystem, Outputs:0, VendorId:0x1414
[2018.08.13-00.46.19:200][  0]LogD3D11RHI: Chosen D3D11 Adapter: 0
[2018.08.13-00.46.19:219][  0]LogD3D11RHI: Creating new Direct3DDevice
[2018.08.13-00.46.19:220][  0]LogD3D11RHI:     GPU DeviceId: 0x1c20 (for the marketing name, search the web for "GPU Device Id")
[2018.08.13-00.46.19:220][  0]LogWindows: EnumDisplayDevices:
[2018.08.13-00.46.19:220][  0]LogWindows:    0. 'Intel(R) HD Graphics 630' (P:1 D:1)
[2018.08.13-00.46.19:220][  0]LogWindows:    1. 'Intel(R) HD Graphics 630' (P:0 D:0)
[2018.08.13-00.46.19:221][  0]LogWindows:    2. 'Intel(R) HD Graphics 630' (P:0 D:0)
[2018.08.13-00.46.19:221][  0]LogWindows:    3. 'NVIDIA GeForce GTX 1060' (P:0 D:1)
[2018.08.13-00.46.19:221][  0]LogWindows: DebugString: GetVideoDriverDetailsInvalid PrimaryIsNotTheChoosenAdapter GetVideoDriverDetailsInvalid PrimaryIsNotTheChoosenAdapter GetVideoDriverDetailsInvalid PrimaryIsNotTheChoosenAdapter GetVideoDriverDetailsInvalid PrimaryIsNotTheChoosenAdapter FoundDriverCount:0 
[2018.08.13-00.46.19:221][  0]LogD3D11RHI:     Adapter Name: NVIDIA GeForce GTX 1060
[2018.08.13-00.46.19:221][  0]LogD3D11RHI:   Driver Version: Unknown (internal:Unknown, unified:Unknown)
[2018.08.13-00.46.19:221][  0]LogD3D11RHI:      Driver Date: Unknown
[2018.08.13-00.46.19:221][  0]LogRHI: Texture pool is 1361 MB (70% of 1945 MB)
[2018.08.13-00.46.19:254][  0]LogD3D11RHI: Async texture creation enabled
[2018.08.13-00.46.19:269][  0]LogD3D11RHI: GPU Timing Frequency: 1000.000000 (Debug: 2 1)
[2018.08.13-00.46.19:322][  0]LogShaderCompilers: Guid format shader working directory is -45 characters bigger than the processId version (../../../../../../Users/Emili/Documents/Unreal Projects/StealthGame/StealthGameTemplate417/Intermediate/Shaders/WorkingDirectory/18416/).
[2018.08.13-00.46.19:322][  0]LogShaderCompilers: Cleaned the shader compiler working directory 'C:/Users/Emili/AppData/Local/Temp/UnrealShaderWorkingDir/BD1C759B480B7D032FFB7C804493F3AB/'.
[2018.08.13-00.46.19:323][  0]LogShaderCompilers: Display: Using Local Shader Compiler.
[2018.08.13-00.46.20:259][  0]LogTemp: Display: Loaded TP AllDesktopTargetPlatform
[2018.08.13-00.46.20:318][  0]LogTemp: Display: Loaded TP MacClientTargetPlatform
[2018.08.13-00.46.20:384][  0]LogTemp: Display: Loaded TP MacNoEditorTargetPlatform
[2018.08.13-00.46.20:446][  0]LogTemp: Display: Loaded TP MacServerTargetPlatform
[2018.08.13-00.46.20:505][  0]LogTemp: Display: Loaded TP MacTargetPlatform
[2018.08.13-00.46.20:570][  0]LogTemp: Display: Loaded TP WindowsClientTargetPlatform
[2018.08.13-00.46.20:640][  0]LogTemp: Display: Loaded TP WindowsNoEditorTargetPlatform
[2018.08.13-00.46.20:701][  0]LogTemp: Display: Loaded TP WindowsServerTargetPlatform
[2018.08.13-00.46.20:761][  0]LogTemp: Display: Loaded TP WindowsTargetPlatform
[2018.08.13-00.46.20:820][  0]LogTemp: Display: Loaded TP AndroidTargetPlatform
[2018.08.13-00.46.20:881][  0]LogTemp: Display: Loaded TP Android_ASTCTargetPlatform
[2018.08.13-00.46.20:944][  0]LogTemp: Display: Loaded TP Android_ATCTargetPlatform
[2018.08.13-00.46.21:011][  0]LogTemp: Display: Loaded TP Android_DXTTargetPlatform
[2018.08.13-00.46.21:067][  0]LogTemp: Display: Loaded TP Android_ETC1TargetPlatform
[2018.08.13-00.46.21:129][  0]LogTemp: Display: Loaded TP Android_ETC2TargetPlatform
[2018.08.13-00.46.21:260][  0]LogTemp: Display: Loaded TP Android_MultiTargetPlatform
[2018.08.13-00.46.21:260][  0]LogTemp: Display: Loaded TP Android_PVRTCTargetPlatform
[2018.08.13-00.46.21:311][  0]LogTemp: Display: Loaded TP HTML5TargetPlatform
[2018.08.13-00.46.21:427][  0]LogTemp: Display: Loaded TP IOSTargetPlatform
[2018.08.13-00.46.21:465][  0]LogTemp: Display: Loaded TP TVOSTargetPlatform
[2018.08.13-00.46.21:524][  0]LogTemp: Display: Loaded TP LinuxClientTargetPlatform
[2018.08.13-00.46.21:588][  0]LogTemp: Display: Loaded TP LinuxNoEditorTargetPlatform
[2018.08.13-00.46.21:652][  0]LogTemp: Display: Loaded TP LinuxServerTargetPlatform
[2018.08.13-00.46.21:712][  0]LogTemp: Display: Loaded TP LinuxTargetPlatform
[2018.08.13-00.46.21:712][  0]LogTargetPlatformManager: Display: Building Assets For Windows
[2018.08.13-00.46.22:361][  0]LogDerivedDataCache: Display: Max Cache Size: 512 MB
[2018.08.13-00.46.22:481][  0]LogDerivedDataCache: Loaded boot cache 0.12s 93MB C:/Users/Emili/AppData/Local/UnrealEngine/4.17/DerivedDataCache/Boot.ddc.
[2018.08.13-00.46.22:481][  0]LogDerivedDataCache: Display: Loaded Boot cache: C:/Users/Emili/AppData/Local/UnrealEngine/4.17/DerivedDataCache/Boot.ddc
[2018.08.13-00.46.22:481][  0]LogDerivedDataCache: FDerivedDataBackendGraph:  Pak pak cache file ../../../../../../Users/Emili/Documents/Unreal Projects/StealthGame/StealthGameTemplate417/DerivedDataCache/DDC.ddp not found, will not use a pak cache.
[2018.08.13-00.46.22:481][  0]LogDerivedDataCache: Unable to find inner node Pak for hierarchical cache Hierarchy.
[2018.08.13-00.46.22:482][  0]LogDerivedDataCache: FDerivedDataBackendGraph:  CompressedPak pak cache file ../../../../../../Users/Emili/Documents/Unreal Projects/StealthGame/StealthGameTemplate417/DerivedDataCache/Compressed.ddp not found, will not use a pak cache.
[2018.08.13-00.46.22:482][  0]LogDerivedDataCache: Unable to find inner node CompressedPak for hierarchical cache Hierarchy.
[2018.08.13-00.46.22:496][  0]LogDerivedDataCache: Display: Pak cache opened for reading ../../../Engine/DerivedDataCache/Compressed.ddp.
[2018.08.13-00.46.22:509][  0]LogDerivedDataCache: Using Local data cache path C:/Users/Emili/AppData/Local/UnrealEngine/Common/DerivedDataCache: Writable
[2018.08.13-00.46.22:519][  0]LogMaterial: Verifying Global Shaders for PCD3D_SM5
[2018.08.13-00.46.22:520][  0]LogSlate: Using Freetype 2.6.0
[2018.08.13-00.46.22:521][  0]LogSlate: SlateFontCache - WITH_FREETYPE: 1, WITH_HARFBUZZ: 1
[2018.08.13-00.46.22:521][  0]LogSlate: SlateFontCache - WITH_FREETYPE: 1, WITH_HARFBUZZ: 1
[2018.08.13-00.46.22:807][  0]LogAssetRegistry: FAssetRegistry took 0.0289 seconds to start up
[2018.08.13-00.46.22:930][  0]LogInit: Selected Device Profile: [Windows]
[2018.08.13-00.46.23:132][  0]LogContentStreaming: Texture pool size is 0.00 MB
[2018.08.13-00.46.23:492][  0]LogSimplygon: Simplygon DLL not present - disabling.
[2018.08.13-00.46.23:543][  0]LogMeshReduction: Using SimplygonSwarm for distributed automatic mesh merging
[2018.08.13-00.46.23:543][  0]LogMeshReduction: Using QuadricMeshReduction for automatic static mesh reduction
[2018.08.13-00.46.23:543][  0]LogMeshReduction: No automatic skeletal mesh reduction module available
[2018.08.13-00.46.23:543][  0]LogMeshReduction: No automatic mesh merging module available
[2018.08.13-00.46.23:543][  0]LogMeshMerging: No automatic mesh merging module available
[2018.08.13-00.46.24:033][  0]LogNetVersion: FPSGame , NetCL: 3573198, EngineNetVer: 2, GameNetVer: 0 (Checksum: 3581027628)
[2018.08.13-00.46.24:295][  0]LogPackageLocalizationCache: Processed 5 localized package path(s) for 2 prioritized culture(s) in 0.055319 seconds
[2018.08.13-00.46.24:303][  0]LogUObjectArray: 35825 objects as part of root set at end of initial load.
[2018.08.13-00.46.24:303][  0]LogUObjectAllocator: 7529112 out of 0 bytes used by permanent object pool.
[2018.08.13-00.46.24:303][  0]LogUObjectArray: CloseDisregardForGC: 0/0 objects in disregard for GC pool
[2018.08.13-00.46.24:376][  0]LogInit: WinSock: version 1.1 (2.2), MaxSocks=32767, MaxUdp=65467
[2018.08.13-00.46.27:525][  0]LogTcpMessaging: Initializing TcpMessaging bridge
[2018.08.13-00.46.27:578][  0]LogUdpMessaging: Initializing bridge on interface 0.0.0.0:0 to multicast group 230.0.0.1:6666.
[2018.08.13-00.46.28:592][  0]LogMaterial: Uniform references updated for custom material expression Custom.
[2018.08.13-00.46.29:093][  0]SourceControl: Source control is disabled
[2018.08.13-00.46.29:094][  0]SourceControl: Source control is disabled
[2018.08.13-00.46.29:155][  0]SourceControl: Source control is disabled
[2018.08.13-00.46.29:221][  0]SourceControl: Source control is disabled
[2018.08.13-00.46.29:985][  0]LogAndroidPermission: UAndroidPermissionCallbackProxy::GetInstance
[2018.08.13-00.46.30:292][  0]LogOcInput: OculusInput pre-init called
[2018.08.13-00.46.30:617][  0]LogEngine: Initializing Engine...
[2018.08.13-00.46.30:619][  0]LogHMD: Failed to initialize OpenVR with code 110
[2018.08.13-00.46.30:882][  0]LogStats: UGameplayTagsManager::ConstructGameplayTagTree: Construct from data asset -  0.000 s
[2018.08.13-00.46.30:883][  0]LogStats: UGameplayTagsManager::ConstructGameplayTagTree: GameplayTagTreeChangedEvent.Broadcast -  0.000 s
[2018.08.13-00.46.31:046][  0]LogAIModule: Creating AISystem for world Untitled
[2018.08.13-00.46.31:062][  0]LogInit: XAudio2 using 'Speakers (Realtek High Definition Audio(SST))' : 2 channels at 48 kHz using 32 bits per sample (channel mask 0x3)
[2018.08.13-00.46.31:130][  0]LogInit: FAudioDevice initialized.
[2018.08.13-00.46.31:229][  0]LogDerivedDataCache: Saved boot cache 0.10s 93MB C:/Users/Emili/AppData/Local/UnrealEngine/4.17/DerivedDataCache/Boot.ddc.
[2018.08.13-00.46.31:253][  0]LogInit: Texture streaming: Enabled
[2018.08.13-00.46.31:406][  0]LogEngineSessionManager: EngineSessionManager initialized
[2018.08.13-00.46.31:407][  0]LogEngineSessionManager: EngineSessionManager sent abnormal shutdown report. Type=Debugger, SessionId={0C886E61-41F6-156F-77CF-6AAC4C477523}
[2018.08.13-00.46.31:668][  0]LogInit: Transaction tracking system initialized
[2018.08.13-00.46.32:053][  0]BlueprintLog: New page: Editor Load
[2018.08.13-00.46.33:211][  0]LocalizationService: Localization service is disabled
[2018.08.13-00.46.34:074][  0]LogConsoleResponse: Display: 
[2018.08.13-00.46.34:313][  0]LogCook: Display: Max memory allowance for cook 16384mb min free memory 0mb
[2018.08.13-00.46.34:313][  0]LogCook: Display: Mobile HDR setting 1
[2018.08.13-00.46.34:313][  0]LogGameplayTags: Display: UGameplayTagsManager::DoneAddingNativeTags. DelegateIsBound: 0
[2018.08.13-00.46.35:196][  0]LogFileCache: Scanning file cache for directory 'C:/Users/Emili/Documents/Unreal Projects/StealthGame/StealthGameTemplate417/Content/' took 0.02s
[2018.08.13-00.46.35:667][  0]SourceControl: Source control is disabled
[2018.08.13-00.46.35:667][  0]Cmd: MAP LOAD FILE="../../../../../../Users/Emili/Documents/Unreal Projects/StealthGame/StealthGameTemplate417/Content/Maps/FirstPersonExampleMap.umap" TEMPLATE=0 SHOWPROGRESS=1 FEATURELEVEL=3
[2018.08.13-00.46.35:668][  0]LightingResults: New page: Lighting Build
[2018.08.13-00.46.35:719][  0]MapCheck: New page: Map Check
[2018.08.13-00.46.35:719][  0]LightingResults: New page: Lighting Build
[2018.08.13-00.46.35:909][  0]LogAIModule: Creating AISystem for world FirstPersonExampleMap
[2018.08.13-00.46.35:920][  0]LogEditorServer: Finished looking for orphan Actors (0.000 secs)
[2018.08.13-00.46.35:948][  0]Cmd: MAP CHECKDEP NOCLEARLOG
[2018.08.13-00.46.36:026][  0]MapCheck: Map check complete: 0 Error(s), 0 Warning(s), took 78.804ms to complete.
[2018.08.13-00.46.36:027][  0]LogFileHelpers: Loading map 'FirstPersonExampleMap' took 0.360
[2018.08.13-00.46.36:244][  0]LogCollectionManager: Loaded 0 collections in 0.003031 seconds
[2018.08.13-00.46.36:345][  0]LogFileCache: Scanning file cache for directory 'C:/Users/Emili/Documents/Unreal Projects/StealthGame/StealthGameTemplate417/Saved/Collections/' took 0.01s
[2018.08.13-00.46.36:345][  0]LogFileCache: Scanning file cache for directory 'C:/Users/Emili/Documents/Unreal Projects/StealthGame/StealthGameTemplate417/Content/Developers/Emili/Collections/' took 0.02s
[2018.08.13-00.46.36:345][  0]LogFileCache: Scanning file cache for directory 'C:/Users/Emili/Documents/Unreal Projects/StealthGame/StealthGameTemplate417/Content/Collections/' took 0.01s
[2018.08.13-00.46.36:345][  0]LogCollectionManager: Rebuilt the GUID cache for 0 collections in 0.000000 seconds
[2018.08.13-00.46.36:358][  0]LogContentBrowser: Native class hierarchy populated in 0.0125 seconds. Added 2393 classes and 503 folders.
[2018.08.13-00.46.36:450][  0]LogContentBrowser: Native class hierarchy updated for 'WidgetCarousel' in 0.0027 seconds. Added 0 classes and 0 folders.
[2018.08.13-00.46.36:516][  0]LogContentBrowser: Native class hierarchy updated for 'AddContentDialog' in 0.0032 seconds. Added 0 classes and 0 folders.
[2018.08.13-00.46.36:587][  0]LogContentBrowser: Native class hierarchy updated for 'SceneOutliner' in 0.0031 seconds. Added 1 classes and 2 folders.
[2018.08.13-00.46.36:616][  0]LogSlate: Took 0.000312 seconds to synchronously load lazily loaded font '../../../Engine/Content/Slate/Fonts/Roboto-Regular.ttf' (155K)
[2018.08.13-00.46.36:619][  0]LogSlate: Took 0.000293 seconds to synchronously load lazily loaded font '../../../Engine/Content/Slate/Fonts/Roboto-Bold.ttf' (160K)
[2018.08.13-00.46.36:627][  0]LogSlate: Took 0.000335 seconds to synchronously load lazily loaded font '../../../Engine/Content/Editor/Slate/Fonts/FontAwesome.ttf' (139K)
[2018.08.13-00.46.36:745][  0]LogRenderer: Reallocating scene render targets to support 964x436 Format 10 NumSamples 1 (Frame:1).
[2018.08.13-00.46.37:023][  0]LogContentBrowser: Native class hierarchy updated for 'HierarchicalLODOutliner' in 0.0042 seconds. Added 1 classes and 2 folders.
[2018.08.13-00.46.37:025][  0]LogLoad: (Engine Initialization) Total time: 21.81 seconds
[2018.08.13-00.46.37:025][  0]LogLoad: (Engine Initialization) Total Blueprint compile time: 0.00 seconds
[2018.08.13-00.46.37:026][  0]LogExternalProfiler: No external profilers were discovered.  External profiling features will not be available.
[2018.08.13-00.46.37:043][  0]LogWindowsTextInputMethodSystem: Display: IME system now deactivated.
[2018.08.13-00.46.37:063][  0]LogContentStreaming: Texture pool size now 1000 MB
[2018.08.13-00.46.37:114][  0]LogSlate: Took 0.000149 seconds to synchronously load lazily loaded font '../../../Engine/Content/Slate/Fonts/Roboto-Light.ttf' (159K)
[2018.08.13-00.46.37:135][  1]LogAssetRegistry: Asset discovery search completed in 14.3520 seconds
[2018.08.13-00.46.37:139][  1]LogCollectionManager: Rebuilt the object cache for 0 collections in 0.000001 seconds (found 0 objects)
[2018.08.13-00.46.37:139][  1]LogCollectionManager: Fixed up redirectors for 0 collections in 0.000277 seconds (updated 0 objects)
[2018.08.13-00.47.00:163][231]LogSlate: Took 0.005364 seconds to synchronously load lazily loaded font '../../../Engine/Content/Editor/Slate/Fonts/Roboto-Italic.ttf' (157K)
[2018.08.13-00.47.20:961][639]LogTexture: Display: Building textures: T_DevPatterns (AutoDXT, 64X64)
[2018.08.13-00.47.20:961][639]LogMaterial: Missing cached shader map for material M_SpawnBox, compiling. 
[2018.08.13-00.51.55:193][479]Cmd: CAMERA ALIGN ACTIVEVIEWPORTONLY
[2018.08.13-00.52.19:197][912]LogSlate: Took 0.000137 seconds to synchronously load lazily loaded font '../../../Engine/Content/Slate/Fonts/Roboto-Light.ttf' (159K)
[2018.08.13-00.52.19:262][912]LogContentBrowser: Native class hierarchy updated for 'MaterialEditor' in 0.0026 seconds. Added 1 classes and 0 folders.
[2018.08.13-00.52.23:430][140]LogRenderer: Reallocating scene render targets to support 1112x708 Format 10 NumSamples 1 (Frame:7).
[2018.08.13-00.52.35:485][856]TextureStreamingBuild: Display: Compiling optional shaders took 0.001 seconds.
[2018.08.13-00.52.35:519][856]LogSavePackage: Save=14.81ms
[2018.08.13-00.52.35:519][856]LogSavePackage: Moving '../../../../../../Users/Emili/Documents/Unreal Projects/StealthGame/StealthGameTemplate417/Saved/M_SpawnBox_Inst8221DF1346C9B49323DB5AAB9C85898E.tmp' to '../../../../../../Users/Emili/Documents/Unreal Projects/StealthGame/StealthGameTemplate417/Content/Materials/M_SpawnBox_Inst.uasset'
[2018.08.13-00.52.35:526][856]LogSavePackage: Display: Finished SavePackage ../../../../../../Users/Emili/Documents/Unreal Projects/StealthGame/StealthGameTemplate417/Content/Materials/M_SpawnBox_Inst.uasset
[2018.08.13-00.53.45:904][736]LogEditorActor: Deleted Actor: FPSExtractionZone
[2018.08.13-00.53.45:914][736]LogEditorActor: Deleted 1 Actors (0.011 secs)
[2018.08.13-00.53.51:433][ 38]LogContentBrowser: Native class hierarchy updated for 'BlueprintGraph' in 0.0031 seconds. Added 113 classes and 0 folders.
[2018.08.13-00.53.52:127][ 38]LogSlate: Took 0.000129 seconds to synchronously load lazily loaded font '../../../Engine/Content/Slate/Fonts/Roboto-Regular.ttf' (155K)
[2018.08.13-00.54.04:322][259]LogSlate: Took 0.000185 seconds to synchronously load lazily loaded font '../../../Engine/Content/Slate/Fonts/Roboto-Light.ttf' (159K)
[2018.08.13-00.55.17:212][280]BlueprintLog: New page: Compile BP_ExtractionZone
[2018.08.13-00.55.17:465][280]LogSavePackage: Save=20.61ms
[2018.08.13-00.55.17:465][280]LogSavePackage: Moving '../../../../../../Users/Emili/Documents/Unreal Projects/StealthGame/StealthGameTemplate417/Saved/BP_ExtractionZone3EC3F7F34FE0D95704A5D8A76B73BBC2.tmp' to '../../../../../../Users/Emili/Documents/Unreal Projects/StealthGame/StealthGameTemplate417/Content/Blueprints/BP_ExtractionZone.uasset'
[2018.08.13-00.55.17:470][280]LogSavePackage: Display: Finished SavePackage ../../../../../../Users/Emili/Documents/Unreal Projects/StealthGame/StealthGameTemplate417/Content/Blueprints/BP_ExtractionZone.uasset
[2018.08.13-00.56.37:844][876]LogSavePackage: Save=110.09ms
[2018.08.13-00.56.37:844][876]LogSavePackage: Moving '../../../../../../Users/Emili/Documents/Unreal Projects/StealthGame/StealthGameTemplate417/Saved/FirstPersonExampleMap_Auto1282D5F5348842E9FDC32B49810AB8E0B.tmp' to '../../../../../../Users/Emili/Documents/Unreal Projects/StealthGame/StealthGameTemplate417/Saved/Autosaves/Game/Maps/FirstPersonExampleMap_Auto1.umap'
[2018.08.13-00.56.37:847][876]LogSavePackage: Display: Finished SavePackage ../../../../../../Users/Emili/Documents/Unreal Projects/StealthGame/StealthGameTemplate417/Saved/Autosaves/Game/Maps/FirstPersonExampleMap_Auto1.umap
[2018.08.13-00.56.37:858][876]LogFileHelpers: Editor autosave (incl. sublevels) for '/Game/Maps/FirstPersonExampleMap' took 0.165
[2018.08.13-00.56.37:858][876]LogFileHelpers: Editor autosave (incl. sublevels) for all levels took 0.165
[2018.08.13-00.56.52:544][ 26]LogMaterial: Missing cached shader map for material M_SpawnBox, compiling. 
[2018.08.13-00.56.52:615][ 26]LogMaterial: Missing cached shader map for material M_SpawnBox, compiling. 
[2018.08.13-00.56.52:668][ 26]LogMaterial: Missing cached shader map for material FMatExpressionPreview MaterialExpressionVectorParameter_0, compiling. 
[2018.08.13-00.56.52:675][ 26]LogMaterial: Missing cached shader map for material FMatExpressionPreview MaterialExpressionTextureSample_0, compiling. 
[2018.08.13-00.56.52:681][ 26]LogMaterial: Missing cached shader map for material FMatExpressionPreview MaterialExpressionTextureSample_2, compiling. 
[2018.08.13-00.56.52:701][ 26]LogSlate: Took 0.007474 seconds to synchronously load lazily loaded font '../../../Engine/Content/Editor/Slate/Fonts/Roboto-BoldCondensed.ttf' (158K)
[2018.08.13-00.56.56:065][215]MaterialEditorStats: Base pass shader: 55 instructions
[2018.08.13-00.56.56:066][215]MaterialEditorStats: Vertex shader: 124 instructions
[2018.08.13-00.56.56:066][215]MaterialEditorStats: Texture samplers: 5/16
[2018.08.13-00.56.56:066][215]MaterialEditorStats: User interpolators: 2/4 Scalars (1/4 Vectors) (TexCoords: 2, Custom: 0)
[2018.08.13-00.56.59:532][422]LogMaterial: Missing cached shader map for material M_SpawnBox, compiling. 
[2018.08.13-00.57.02:256][583]LogMaterialEditor: Applying material M_SpawnBox
[2018.08.13-00.57.02:710][583]LogMaterial: Missing cached shader map for material M_SpawnBox, compiling. 
[2018.08.13-00.57.02:789][583]LogMaterial: Missing cached shader map for material M_SpawnBox, compiling. 
[2018.08.13-00.57.02:829][583]LogMaterial: Missing cached shader map for material M_SpawnBox, compiling. 
[2018.08.13-00.57.02:905][583]TextureStreamingBuild: Display: Compiling optional shaders took 0.000 seconds.
[2018.08.13-00.57.03:487][616]LogMaterialEditor: Saving and Compiling material M_SpawnBox
[2018.08.13-00.57.07:193][616]Cmd: OBJ SAVEPACKAGE PACKAGE="/Game/Materials/M_SpawnBox" FILE="../../../../../../Users/Emili/Documents/Unreal Projects/StealthGame/StealthGameTemplate417/Content/Materials/M_SpawnBox.uasset" SILENT=true
[2018.08.13-00.57.07:220][616]LogSavePackage: Save=16.58ms
[2018.08.13-00.57.07:220][616]LogSavePackage: Moving '../../../../../../Users/Emili/Documents/Unreal Projects/StealthGame/StealthGameTemplate417/Saved/M_SpawnBox55689162487E964544ECED9EFEB12BCE.tmp' to '../../../../../../Users/Emili/Documents/Unreal Projects/StealthGame/StealthGameTemplate417/Content/Materials/M_SpawnBox.uasset'
[2018.08.13-00.57.07:223][616]LogSavePackage: Display: Finished SavePackage ../../../../../../Users/Emili/Documents/Unreal Projects/StealthGame/StealthGameTemplate417/Content/Materials/M_SpawnBox.uasset
[2018.08.13-00.57.07:236][616]MaterialEditorStats: Base pass shader: 55 instructions
[2018.08.13-00.57.07:236][616]MaterialEditorStats: Vertex shader: 124 instructions
[2018.08.13-00.57.07:236][616]MaterialEditorStats: Texture samplers: 5/16
[2018.08.13-00.57.07:236][616]MaterialEditorStats: User interpolators: 2/4 Scalars (1/4 Vectors) (TexCoords: 2, Custom: 0)
[2018.08.13-00.57.50:380][554]LogSavePackage: Save=115.33ms
[2018.08.13-00.57.50:380][554]LogSavePackage: Moving '../../../../../../Users/Emili/Documents/Unreal Projects/StealthGame/StealthGameTemplate417/Saved/FirstPersonExampleMap082A00BA443E27F52E4526BED04CD61A.tmp' to '../../../../../../Users/Emili/Documents/Unreal Projects/StealthGame/StealthGameTemplate417/Content/Maps/FirstPersonExampleMap.umap'
[2018.08.13-00.57.50:385][554]LogSavePackage: Display: Finished SavePackage ../../../../../../Users/Emili/Documents/Unreal Projects/StealthGame/StealthGameTemplate417/Content/Maps/FirstPersonExampleMap.umap
[2018.08.13-00.57.50:825][554]LogSavePackage: Save=379.13ms
[2018.08.13-00.57.50:826][554]LogSavePackage: Moving '../../../../../../Users/Emili/Documents/Unreal Projects/StealthGame/StealthGameTemplate417/Saved/FirstPersonExampleMap_BuiltData23ABA2934CE1A04246E18A8211097165.tmp' to '../../../../../../Users/Emili/Documents/Unreal Projects/StealthGame/StealthGameTemplate417/Content/Maps/FirstPersonExampleMap_BuiltData.uasset'
[2018.08.13-00.57.50:828][554]LogSavePackage: Display: Finished SavePackage ../../../../../../Users/Emili/Documents/Unreal Projects/StealthGame/StealthGameTemplate417/Content/Maps/FirstPersonExampleMap_BuiltData.uasset
